[2019-10-20 09:45:52] local.ERROR: Command "." is not defined. {"exception":"[object] (Symfony\\Component\\Console\\Exception\\CommandNotFoundException(code: 0): Command \".\" is not defined. at C:\\Users\\Elvin\\Desktop\\buntal\\vendor\\symfony\\console\\Application.php:660)
[stacktrace]
#0 C:\\Users\\Elvin\\Desktop\\buntal\\vendor\\symfony\\console\\Application.php(237): Symfony\\Component\\Console\\Application->find('.')
#1 C:\\Users\\Elvin\\Desktop\\buntal\\vendor\\symfony\\console\\Application.php(149): Symfony\\Component\\Console\\Application->doRun(Object(Symfony\\Component\\Console\\Input\\ArgvInput), Object(Symfony\\Component\\Console\\Output\\ConsoleOutput))
#2 C:\\Users\\Elvin\\Desktop\\buntal\\vendor\\laravel\\framework\\src\\Illuminate\\Console\\Application.php(90): Symfony\\Component\\Console\\Application->run(Object(Symfony\\Component\\Console\\Input\\ArgvInput), Object(Symfony\\Component\\Console\\Output\\ConsoleOutput))
#3 C:\\Users\\Elvin\\Desktop\\buntal\\vendor\\laravel\\framework\\src\\Illuminate\\Foundation\\Console\\Kernel.php(133): Illuminate\\Console\\Application->run(Object(Symfony\\Component\\Console\\Input\\ArgvInput), Object(Symfony\\Component\\Console\\Output\\ConsoleOutput))
#4 C:\\Users\\Elvin\\Desktop\\buntal\\artisan(37): Illuminate\\Foundation\\Console\\Kernel->handle(Object(Symfony\\Component\\Console\\Input\\ArgvInput), Object(Symfony\\Component\\Console\\Output\\ConsoleOutput))
#5 {main}
"} 
[2019-10-20 09:45:57] local.ERROR: Command "add" is not defined. {"exception":"[object] (Symfony\\Component\\Console\\Exception\\CommandNotFoundException(code: 0): Command \"add\" is not defined. at C:\\Users\\Elvin\\Desktop\\buntal\\vendor\\symfony\\console\\Application.php:660)
[stacktrace]
#0 C:\\Users\\Elvin\\Desktop\\buntal\\vendor\\symfony\\console\\Application.php(237): Symfony\\Component\\Console\\Application->find('add')
#1 C:\\Users\\Elvin\\Desktop\\buntal\\vendor\\symfony\\console\\Application.php(149): Symfony\\Component\\Console\\Application->doRun(Object(Symfony\\Component\\Console\\Input\\ArgvInput), Object(Symfony\\Component\\Console\\Output\\ConsoleOutput))
#2 C:\\Users\\Elvin\\Desktop\\buntal\\vendor\\laravel\\framework\\src\\Illuminate\\Console\\Application.php(90): Symfony\\Component\\Console\\Application->run(Object(Symfony\\Component\\Console\\Input\\ArgvInput), Object(Symfony\\Component\\Console\\Output\\ConsoleOutput))
#3 C:\\Users\\Elvin\\Desktop\\buntal\\vendor\\laravel\\framework\\src\\Illuminate\\Foundation\\Console\\Kernel.php(133): Illuminate\\Console\\Application->run(Object(Symfony\\Component\\Console\\Input\\ArgvInput), Object(Symfony\\Component\\Console\\Output\\ConsoleOutput))
#4 C:\\Users\\Elvin\\Desktop\\buntal\\artisan(37): Illuminate\\Foundation\\Console\\Kernel->handle(Object(Symfony\\Component\\Console\\Input\\ArgvInput), Object(Symfony\\Component\\Console\\Output\\ConsoleOutput))
#5 {main}
"} 
[2019-10-20 10:07:57] local.ERROR: SQLSTATE[HY000] [2002] No connection could be made because the target machine actively refused it.
 (SQL: select * from `users` where `email` = hahaelvin@gmail.com limit 1) {"exception":"[object] (Illuminate\\Database\\QueryException(code: 2002): SQLSTATE[HY000] [2002] No connection could be made because the target machine actively refused it.
 (SQL: select * from `users` where `email` = hahaelvin@gmail.com limit 1) at D:\\Work\\UNIMAS\\Year 3 Sem 2 -- 20192020-1\\Techno\\Buntal IS\\buntal\\vendor\\laravel\\framework\\src\\Illuminate\\Database\\Connection.php:664, PDOException(code: 2002): SQLSTATE[HY000] [2002] No connection could be made because the target machine actively refused it.
 at D:\\Work\\UNIMAS\\Year 3 Sem 2 -- 20192020-1\\Techno\\Buntal IS\\buntal\\vendor\\laravel\\framework\\src\\Illuminate\\Database\\Connectors\\Connector.php:70)
[stacktrace]
#0 D:\\Work\\UNIMAS\\Year 3 Sem 2 -- 20192020-1\\Techno\\Buntal IS\\buntal\\vendor\\laravel\\framework\\src\\Illuminate\\Database\\Connection.php(624): Illuminate\\Database\\Connection->runQueryCallback('select * from `...', Array, Object(Closure))
#1 D:\\Work\\UNIMAS\\Year 3 Sem 2 -- 20192020-1\\Techno\\Buntal IS\\buntal\\vendor\\laravel\\framework\\src\\Illuminate\\Database\\Connection.php(333): Illuminate\\Database\\Connection->run('select * from `...', Array, Object(Closure))
#2 D:\\Work\\UNIMAS\\Year 3 Sem 2 -- 20192020-1\\Techno\\Buntal IS\\buntal\\vendor\\laravel\\framework\\src\\Illuminate\\Database\\Query\\Builder.php(2130): Illuminate\\Database\\Connection->select('select * from `...', Array, true)
#3 D:\\Work\\UNIMAS\\Year 3 Sem 2 -- 20192020-1\\Techno\\Buntal IS\\buntal\\vendor\\laravel\\framework\\src\\Illuminate\\Database\\Query\\Builder.php(2118): Illuminate\\Database\\Query\\Builder->runSelect()
#4 D:\\Work\\UNIMAS\\Year 3 Sem 2 -- 20192020-1\\Techno\\Buntal IS\\buntal\\vendor\\laravel\\framework\\src\\Illuminate\\Database\\Query\\Builder.php(2604): Illuminate\\Database\\Query\\Builder->Illuminate\\Database\\Query\\{closure}()
#5 D:\\Work\\UNIMAS\\Year 3 Sem 2 -- 20192020-1\\Techno\\Buntal IS\\buntal\\vendor\\laravel\\framework\\src\\Illuminate\\Database\\Query\\Builder.php(2119): Illuminate\\Database\\Query\\Builder->onceWithColumns(Array, Object(Closure))
#6 D:\\Work\\UNIMAS\\Year 3 Sem 2 -- 20192020-1\\Techno\\Buntal IS\\buntal\\vendor\\laravel\\framework\\src\\Illuminate\\Database\\Eloquent\\Builder.php(521): Illuminate\\Database\\Query\\Builder->get(Array)
#7 D:\\Work\\UNIMAS\\Year 3 Sem 2 -- 20192020-1\\Techno\\Buntal IS\\buntal\\vendor\\laravel\\framework\\src\\Illuminate\\Database\\Eloquent\\Builder.php(505): Illuminate\\Database\\Eloquent\\Builder->getModels(Array)
#8 D:\\Work\\UNIMAS\\Year 3 Sem 2 -- 20192020-1\\Techno\\Buntal IS\\buntal\\vendor\\laravel\\framework\\src\\Illuminate\\Database\\Concerns\\BuildsQueries.php(77): Illuminate\\Database\\Eloquent\\Builder->get(Array)
#9 D:\\Work\\UNIMAS\\Year 3 Sem 2 -- 20192020-1\\Techno\\Buntal IS\\buntal\\vendor\\laravel\\framework\\src\\Illuminate\\Auth\\EloquentUserProvider.php(131): Illuminate\\Database\\Eloquent\\Builder->first()
#10 D:\\Work\\UNIMAS\\Year 3 Sem 2 -- 20192020-1\\Techno\\Buntal IS\\buntal\\vendor\\laravel\\framework\\src\\Illuminate\\Auth\\SessionGuard.php(349): Illuminate\\Auth\\EloquentUserProvider->retrieveByCredentials(Array)
#11 D:\\Work\\UNIMAS\\Year 3 Sem 2 -- 20192020-1\\Techno\\Buntal IS\\buntal\\vendor\\laravel\\framework\\src\\Illuminate\\Foundation\\Auth\\AuthenticatesUsers.php(82): Illuminate\\Auth\\SessionGuard->attempt(Array, false)
#12 D:\\Work\\UNIMAS\\Year 3 Sem 2 -- 20192020-1\\Techno\\Buntal IS\\buntal\\vendor\\laravel\\framework\\src\\Illuminate\\Foundation\\Auth\\AuthenticatesUsers.php(45): App\\Http\\Controllers\\Auth\\LoginController->attemptLogin(Object(Illuminate\\Http\\Request))
#13 [internal function]: App\\Http\\Controllers\\Auth\\LoginController->login(Object(Illuminate\\Http\\Request))
#14 D:\\Work\\UNIMAS\\Year 3 Sem 2 -- 20192020-1\\Techno\\Buntal IS\\buntal\\vendor\\laravel\\framework\\src\\Illuminate\\Routing\\Controller.php(54): call_user_func_array(Array, Array)
#15 D:\\Work\\UNIMAS\\Year 3 Sem 2 -- 20192020-1\\Techno\\Buntal IS\\buntal\\vendor\\laravel\\framework\\src\\Illuminate\\Routing\\ControllerDispatcher.php(45): Illuminate\\Routing\\Controller->callAction('login', Array)
#16 D:\\Work\\UNIMAS\\Year 3 Sem 2 -- 20192020-1\\Techno\\Buntal IS\\buntal\\vendor\\laravel\\framework\\src\\Illuminate\\Routing\\Route.php(219): Illuminate\\Routing\\ControllerDispatcher->dispatch(Object(Illuminate\\Routing\\Route), Object(App\\Http\\Controllers\\Auth\\LoginController), 'login')
#17 D:\\Work\\UNIMAS\\Year 3 Sem 2 -- 20192020-1\\Techno\\Buntal IS\\buntal\\vendor\\laravel\\framework\\src\\Illuminate\\Routing\\Route.php(176): Illuminate\\Routing\\Route->runController()
#18 D:\\Work\\UNIMAS\\Year 3 Sem 2 -- 20192020-1\\Techno\\Buntal IS\\buntal\\vendor\\laravel\\framework\\src\\Illuminate\\Routing\\Router.php(680): Illuminate\\Routing\\Route->run()
#19 D:\\Work\\UNIMAS\\Year 3 Sem 2 -- 20192020-1\\Techno\\Buntal IS\\buntal\\vendor\\laravel\\framework\\src\\Illuminate\\Routing\\Pipeline.php(30): Illuminate\\Routing\\Router->Illuminate\\Routing\\{closure}(Object(Illuminate\\Http\\Request))
#20 D:\\Work\\UNIMAS\\Year 3 Sem 2 -- 20192020-1\\Techno\\Buntal IS\\buntal\\app\\Http\\Middleware\\RedirectIfAuthenticated.php(24): Illuminate\\Routing\\Pipeline->Illuminate\\Routing\\{closure}(Object(Illuminate\\Http\\Request))
#21 D:\\Work\\UNIMAS\\Year 3 Sem 2 -- 20192020-1\\Techno\\Buntal IS\\buntal\\vendor\\laravel\\framework\\src\\Illuminate\\Pipeline\\Pipeline.php(163): App\\Http\\Middleware\\RedirectIfAuthenticated->handle(Object(Illuminate\\Http\\Request), Object(Closure))
#22 D:\\Work\\UNIMAS\\Year 3 Sem 2 -- 20192020-1\\Techno\\Buntal IS\\buntal\\vendor\\laravel\\framework\\src\\Illuminate\\Routing\\Pipeline.php(53): Illuminate\\Pipeline\\Pipeline->Illuminate\\Pipeline\\{closure}(Object(Illuminate\\Http\\Request))
#23 D:\\Work\\UNIMAS\\Year 3 Sem 2 -- 20192020-1\\Techno\\Buntal IS\\buntal\\vendor\\laravel\\framework\\src\\Illuminate\\Routing\\Middleware\\SubstituteBindings.php(41): Illuminate\\Routing\\Pipeline->Illuminate\\Routing\\{closure}(Object(Illuminate\\Http\\Request))
#24 D:\\Work\\UNIMAS\\Year 3 Sem 2 -- 20192020-1\\Techno\\Buntal IS\\buntal\\vendor\\laravel\\framework\\src\\Illuminate\\Pipeline\\Pipeline.php(163): Illuminate\\Routing\\Middleware\\SubstituteBindings->handle(Object(Illuminate\\Http\\Request), Object(Closure))
#25 D:\\Work\\UNIMAS\\Year 3 Sem 2 -- 20192020-1\\Techno\\Buntal IS\\buntal\\vendor\\laravel\\framework\\src\\Illuminate\\Routing\\Pipeline.php(53): Illuminate\\Pipeline\\Pipeline->Illuminate\\Pipeline\\{closure}(Object(Illuminate\\Http\\Request))
#26 D:\\Work\\UNIMAS\\Year 3 Sem 2 -- 20192020-1\\Techno\\Buntal IS\\buntal\\vendor\\laravel\\framework\\src\\Illuminate\\Foundation\\Http\\Middleware\\VerifyCsrfToken.php(75): Illuminate\\Routing\\Pipeline->Illuminate\\Routing\\{closure}(Object(Illuminate\\Http\\Request))
#27 D:\\Work\\UNIMAS\\Year 3 Sem 2 -- 20192020-1\\Techno\\Buntal IS\\buntal\\vendor\\laravel\\framework\\src\\Illuminate\\Pipeline\\Pipeline.php(163): Illuminate\\Foundation\\Http\\Middleware\\VerifyCsrfToken->handle(Object(Illuminate\\Http\\Request), Object(Closure))
#28 D:\\Work\\UNIMAS\\Year 3 Sem 2 -- 20192020-1\\Techno\\Buntal IS\\buntal\\vendor\\laravel\\framework\\src\\Illuminate\\Routing\\Pipeline.php(53): Illuminate\\Pipeline\\Pipeline->Illuminate\\Pipeline\\{closure}(Object(Illuminate\\Http\\Request))
#29 D:\\Work\\UNIMAS\\Year 3 Sem 2 -- 20192020-1\\Techno\\Buntal IS\\buntal\\vendor\\laravel\\framework\\src\\Illuminate\\View\\Middleware\\ShareErrorsFromSession.php(49): Illuminate\\Routing\\Pipeline->Illuminate\\Routing\\{closure}(Object(Illuminate\\Http\\Request))
#30 D:\\Work\\UNIMAS\\Year 3 Sem 2 -- 20192020-1\\Techno\\Buntal IS\\buntal\\vendor\\laravel\\framework\\src\\Illuminate\\Pipeline\\Pipeline.php(163): Illuminate\\View\\Middleware\\ShareErrorsFromSession->handle(Object(Illuminate\\Http\\Request), Object(Closure))
#31 D:\\Work\\UNIMAS\\Year 3 Sem 2 -- 20192020-1\\Techno\\Buntal IS\\buntal\\vendor\\laravel\\framework\\src\\Illuminate\\Routing\\Pipeline.php(53): Illuminate\\Pipeline\\Pipeline->Illuminate\\Pipeline\\{closure}(Object(Illuminate\\Http\\Request))
#32 D:\\Work\\UNIMAS\\Year 3 Sem 2 -- 20192020-1\\Techno\\Buntal IS\\buntal\\vendor\\laravel\\framework\\src\\Illuminate\\Session\\Middleware\\StartSession.php(56): Illuminate\\Routing\\Pipeline->Illuminate\\Routing\\{closure}(Object(Illuminate\\Http\\Request))
#33 D:\\Work\\UNIMAS\\Year 3 Sem 2 -- 20192020-1\\Techno\\Buntal IS\\buntal\\vendor\\laravel\\framework\\src\\Illuminate\\Pipeline\\Pipeline.php(163): Illuminate\\Session\\Middleware\\StartSession->handle(Object(Illuminate\\Http\\Request), Object(Closure))
#34 D:\\Work\\UNIMAS\\Year 3 Sem 2 -- 20192020-1\\Techno\\Buntal IS\\buntal\\vendor\\laravel\\framework\\src\\Illuminate\\Routing\\Pipeline.php(53): Illuminate\\Pipeline\\Pipeline->Illuminate\\Pipeline\\{closure}(Object(Illuminate\\Http\\Request))
#35 D:\\Work\\UNIMAS\\Year 3 Sem 2 -- 20192020-1\\Techno\\Buntal IS\\buntal\\vendor\\laravel\\framework\\src\\Illuminate\\Cookie\\Middleware\\AddQueuedCookiesToResponse.php(37): Illuminate\\Routing\\Pipeline->Illuminate\\Routing\\{closure}(Object(Illuminate\\Http\\Request))
#36 D:\\Work\\UNIMAS\\Year 3 Sem 2 -- 20192020-1\\Techno\\Buntal IS\\buntal\\vendor\\laravel\\framework\\src\\Illuminate\\Pipeline\\Pipeline.php(163): Illuminate\\Cookie\\Middleware\\AddQueuedCookiesToResponse->handle(Object(Illuminate\\Http\\Request), Object(Closure))
#37 D:\\Work\\UNIMAS\\Year 3 Sem 2 -- 20192020-1\\Techno\\Buntal IS\\buntal\\vendor\\laravel\\framework\\src\\Illuminate\\Routing\\Pipeline.php(53): Illuminate\\Pipeline\\Pipeline->Illuminate\\Pipeline\\{closure}(Object(Illuminate\\Http\\Request))
#38 D:\\Work\\UNIMAS\\Year 3 Sem 2 -- 20192020-1\\Techno\\Buntal IS\\buntal\\vendor\\laravel\\framework\\src\\Illuminate\\Cookie\\Middleware\\EncryptCookies.php(66): Illuminate\\Routing\\Pipeline->Illuminate\\Routing\\{closure}(Object(Illuminate\\Http\\Request))
#39 D:\\Work\\UNIMAS\\Year 3 Sem 2 -- 20192020-1\\Techno\\Buntal IS\\buntal\\vendor\\laravel\\framework\\src\\Illuminate\\Pipeline\\Pipeline.php(163): Illuminate\\Cookie\\Middleware\\EncryptCookies->handle(Object(Illuminate\\Http\\Request), Object(Closure))
#40 D:\\Work\\UNIMAS\\Year 3 Sem 2 -- 20192020-1\\Techno\\Buntal IS\\buntal\\vendor\\laravel\\framework\\src\\Illuminate\\Routing\\Pipeline.php(53): Illuminate\\Pipeline\\Pipeline->Illuminate\\Pipeline\\{closure}(Object(Illuminate\\Http\\Request))
#41 D:\\Work\\UNIMAS\\Year 3 Sem 2 -- 20192020-1\\Techno\\Buntal IS\\buntal\\vendor\\laravel\\framework\\src\\Illuminate\\Pipeline\\Pipeline.php(104): Illuminate\\Routing\\Pipeline->Illuminate\\Routing\\{closure}(Object(Illuminate\\Http\\Request))
#42 D:\\Work\\UNIMAS\\Year 3 Sem 2 -- 20192020-1\\Techno\\Buntal IS\\buntal\\vendor\\laravel\\framework\\src\\Illuminate\\Routing\\Router.php(682): Illuminate\\Pipeline\\Pipeline->then(Object(Closure))
#43 D:\\Work\\UNIMAS\\Year 3 Sem 2 -- 20192020-1\\Techno\\Buntal IS\\buntal\\vendor\\laravel\\framework\\src\\Illuminate\\Routing\\Router.php(657): Illuminate\\Routing\\Router->runRouteWithinStack(Object(Illuminate\\Routing\\Route), Object(Illuminate\\Http\\Request))
#44 D:\\Work\\UNIMAS\\Year 3 Sem 2 -- 20192020-1\\Techno\\Buntal IS\\buntal\\vendor\\laravel\\framework\\src\\Illuminate\\Routing\\Router.php(623): Illuminate\\Routing\\Router->runRoute(Object(Illuminate\\Http\\Request), Object(Illuminate\\Routing\\Route))
#45 D:\\Work\\UNIMAS\\Year 3 Sem 2 -- 20192020-1\\Techno\\Buntal IS\\buntal\\vendor\\laravel\\framework\\src\\Illuminate\\Routing\\Router.php(612): Illuminate\\Routing\\Router->dispatchToRoute(Object(Illuminate\\Http\\Request))
#46 D:\\Work\\UNIMAS\\Year 3 Sem 2 -- 20192020-1\\Techno\\Buntal IS\\buntal\\vendor\\laravel\\framework\\src\\Illuminate\\Foundation\\Http\\Kernel.php(176): Illuminate\\Routing\\Router->dispatch(Object(Illuminate\\Http\\Request))
#47 D:\\Work\\UNIMAS\\Year 3 Sem 2 -- 20192020-1\\Techno\\Buntal IS\\buntal\\vendor\\laravel\\framework\\src\\Illuminate\\Routing\\Pipeline.php(30): Illuminate\\Foundation\\Http\\Kernel->Illuminate\\Foundation\\Http\\{closure}(Object(Illuminate\\Http\\Request))
#48 D:\\Work\\UNIMAS\\Year 3 Sem 2 -- 20192020-1\\Techno\\Buntal IS\\buntal\\vendor\\laravel\\framework\\src\\Illuminate\\Foundation\\Http\\Middleware\\TransformsRequest.php(21): Illuminate\\Routing\\Pipeline->Illuminate\\Routing\\{closure}(Object(Illuminate\\Http\\Request))
#49 D:\\Work\\UNIMAS\\Year 3 Sem 2 -- 20192020-1\\Techno\\Buntal IS\\buntal\\vendor\\laravel\\framework\\src\\Illuminate\\Pipeline\\Pipeline.php(163): Illuminate\\Foundation\\Http\\Middleware\\TransformsRequest->handle(Object(Illuminate\\Http\\Request), Object(Closure))
#50 D:\\Work\\UNIMAS\\Year 3 Sem 2 -- 20192020-1\\Techno\\Buntal IS\\buntal\\vendor\\laravel\\framework\\src\\Illuminate\\Routing\\Pipeline.php(53): Illuminate\\Pipeline\\Pipeline->Illuminate\\Pipeline\\{closure}(Object(Illuminate\\Http\\Request))
#51 D:\\Work\\UNIMAS\\Year 3 Sem 2 -- 20192020-1\\Techno\\Buntal IS\\buntal\\vendor\\laravel\\framework\\src\\Illuminate\\Foundation\\Http\\Middleware\\TransformsRequest.php(21): Illuminate\\Routing\\Pipeline->Illuminate\\Routing\\{closure}(Object(Illuminate\\Http\\Request))
#52 D:\\Work\\UNIMAS\\Year 3 Sem 2 -- 20192020-1\\Techno\\Buntal IS\\buntal\\vendor\\laravel\\framework\\src\\Illuminate\\Pipeline\\Pipeline.php(163): Illuminate\\Foundation\\Http\\Middleware\\TransformsRequest->handle(Object(Illuminate\\Http\\Request), Object(Closure))
#53 D:\\Work\\UNIMAS\\Year 3 Sem 2 -- 20192020-1\\Techno\\Buntal IS\\buntal\\vendor\\laravel\\framework\\src\\Illuminate\\Routing\\Pipeline.php(53): Illuminate\\Pipeline\\Pipeline->Illuminate\\Pipeline\\{closure}(Object(Illuminate\\Http\\Request))
#54 D:\\Work\\UNIMAS\\Year 3 Sem 2 -- 20192020-1\\Techno\\Buntal IS\\buntal\\vendor\\laravel\\framework\\src\\Illuminate\\Foundation\\Http\\Middleware\\ValidatePostSize.php(27): Illuminate\\Routing\\Pipeline->Illuminate\\Routing\\{closure}(Object(Illuminate\\Http\\Request))
#55 D:\\Work\\UNIMAS\\Year 3 Sem 2 -- 20192020-1\\Techno\\Buntal IS\\buntal\\vendor\\laravel\\framework\\src\\Illuminate\\Pipeline\\Pipeline.php(163): Illuminate\\Foundation\\Http\\Middleware\\ValidatePostSize->handle(Object(Illuminate\\Http\\Request), Object(Closure))
#56 D:\\Work\\UNIMAS\\Year 3 Sem 2 -- 20192020-1\\Techno\\Buntal IS\\buntal\\vendor\\laravel\\framework\\src\\Illuminate\\Routing\\Pipeline.php(53): Illuminate\\Pipeline\\Pipeline->Illuminate\\Pipeline\\{closure}(Object(Illuminate\\Http\\Request))
#57 D:\\Work\\UNIMAS\\Year 3 Sem 2 -- 20192020-1\\Techno\\Buntal IS\\buntal\\vendor\\laravel\\framework\\src\\Illuminate\\Foundation\\Http\\Middleware\\CheckForMaintenanceMode.php(62): Illuminate\\Routing\\Pipeline->Illuminate\\Routing\\{closure}(Object(Illuminate\\Http\\Request))
#58 D:\\Work\\UNIMAS\\Year 3 Sem 2 -- 20192020-1\\Techno\\Buntal IS\\buntal\\vendor\\laravel\\framework\\src\\Illuminate\\Pipeline\\Pipeline.php(163): Illuminate\\Foundation\\Http\\Middleware\\CheckForMaintenanceMode->handle(Object(Illuminate\\Http\\Request), Object(Closure))
#59 D:\\Work\\UNIMAS\\Year 3 Sem 2 -- 20192020-1\\Techno\\Buntal IS\\buntal\\vendor\\laravel\\framework\\src\\Illuminate\\Routing\\Pipeline.php(53): Illuminate\\Pipeline\\Pipeline->Illuminate\\Pipeline\\{closure}(Object(Illuminate\\Http\\Request))
#60 D:\\Work\\UNIMAS\\Year 3 Sem 2 -- 20192020-1\\Techno\\Buntal IS\\buntal\\vendor\\fideloper\\proxy\\src\\TrustProxies.php(57): Illuminate\\Routing\\Pipeline->Illuminate\\Routing\\{closure}(Object(Illuminate\\Http\\Request))
#61 D:\\Work\\UNIMAS\\Year 3 Sem 2 -- 20192020-1\\Techno\\Buntal IS\\buntal\\vendor\\laravel\\framework\\src\\Illuminate\\Pipeline\\Pipeline.php(163): Fideloper\\Proxy\\TrustProxies->handle(Object(Illuminate\\Http\\Request), Object(Closure))
#62 D:\\Work\\UNIMAS\\Year 3 Sem 2 -- 20192020-1\\Techno\\Buntal IS\\buntal\\vendor\\laravel\\framework\\src\\Illuminate\\Routing\\Pipeline.php(53): Illuminate\\Pipeline\\Pipeline->Illuminate\\Pipeline\\{closure}(Object(Illuminate\\Http\\Request))
#63 D:\\Work\\UNIMAS\\Year 3 Sem 2 -- 20192020-1\\Techno\\Buntal IS\\buntal\\vendor\\laravel\\framework\\src\\Illuminate\\Pipeline\\Pipeline.php(104): Illuminate\\Routing\\Pipeline->Illuminate\\Routing\\{closure}(Object(Illuminate\\Http\\Request))
#64 D:\\Work\\UNIMAS\\Year 3 Sem 2 -- 20192020-1\\Techno\\Buntal IS\\buntal\\vendor\\laravel\\framework\\src\\Illuminate\\Foundation\\Http\\Kernel.php(151): Illuminate\\Pipeline\\Pipeline->then(Object(Closure))
#65 D:\\Work\\UNIMAS\\Year 3 Sem 2 -- 20192020-1\\Techno\\Buntal IS\\buntal\\vendor\\laravel\\framework\\src\\Illuminate\\Foundation\\Http\\Kernel.php(116): Illuminate\\Foundation\\Http\\Kernel->sendRequestThroughRouter(Object(Illuminate\\Http\\Request))
#66 D:\\Work\\UNIMAS\\Year 3 Sem 2 -- 20192020-1\\Techno\\Buntal IS\\buntal\\public\\index.php(55): Illuminate\\Foundation\\Http\\Kernel->handle(Object(Illuminate\\Http\\Request))
#67 D:\\Work\\UNIMAS\\Year 3 Sem 2 -- 20192020-1\\Techno\\Buntal IS\\buntal\\server.php(21): require_once('D:\\\\Work\\\\UNIMAS\\\\...')
#68 {main}
"} 
